<?xml version="1.0" encoding="UTF-8"?>
<!-- Generated by org.testng.reporters.JUnitXMLReporter -->
<testsuite ignored="0" hostname="DESKTOP-ICLD36V" failures="0" tests="4" name="Default test" time="27.156" errors="0" timestamp="2024-07-06T19:41:20 IST">
  <testcase classname="test_suite.groups" name="radio1" time="0.424"/>
  <testcase classname="test_suite.groups" name="radio_bt" time="0.938"/>
  <testcase classname="test_suite.groups" name="Checkbox" time="1.881"/>
  <testcase classname="test_suite.groups" name="checkbox1" time="0.528"/>
</testsuite> <!-- Default test -->
