<?xml version="1.0" encoding="UTF-8"?>
<!-- Generated by org.testng.reporters.JUnitXMLReporter -->
<testsuite ignored="2" hostname="DESKTOP-ICLD36V" failures="2" tests="2" name="Test" time="0.184" errors="0" timestamp="2024-07-06T19:38:25 IST">
  <testcase classname="test_suite.groups" name="Checkbox" time="0.051">
    <failure type="java.lang.NullPointerException" message="Cannot invoke &amp;quot;org.openqa.selenium.WebDriver.findElements(org.openqa.selenium.By)&amp;quot; because &amp;quot;this.driver&amp;quot; is null">
      <![CDATA[java.lang.NullPointerException: Cannot invoke "org.openqa.selenium.WebDriver.findElements(org.openqa.selenium.By)" because "this.driver" is null
at test_suite.groups.Checkbox(groups.java:47)
at java.base/java.util.ArrayList.forEach(ArrayList.java:1597)
... Removed 25 stack frames]]>
    </failure>
  </testcase> <!-- Checkbox -->
  <testcase classname="test_suite.groups" name="checkbox1" time="0.005">
    <failure type="java.lang.NullPointerException" message="Cannot invoke &amp;quot;org.openqa.selenium.WebDriver.findElement(org.openqa.selenium.By)&amp;quot; because &amp;quot;this.driver&amp;quot; is null">
      <![CDATA[java.lang.NullPointerException: Cannot invoke "org.openqa.selenium.WebDriver.findElement(org.openqa.selenium.By)" because "this.driver" is null
at test_suite.groups.checkbox1(groups.java:30)
at java.base/java.util.ArrayList.forEach(ArrayList.java:1597)
... Removed 25 stack frames]]>
    </failure>
  </testcase> <!-- checkbox1 -->
  <testcase classname="test_suite.groups" name="radio1" time="0.0">
    <ignored/>
  </testcase> <!-- radio1 -->
  <testcase classname="test_suite.groups" name="radio_bt" time="0.0">
    <ignored/>
  </testcase> <!-- radio_bt -->
</testsuite> <!-- Test -->
