<?xml version="1.0" encoding="UTF-8"?>
<testng-results ignored="0" total="4" passed="4" failed="0" skipped="0">
  <reporter-output>
  </reporter-output>
  <suite started-at="2024-07-06T19:40:53 IST" name="Default suite" finished-at="2024-07-06T19:41:20 IST" duration-ms="27156">
    <groups>
      <group name="checkbox_functional">
        <method signature="groups.Checkbox()[pri:2, instance:test_suite.groups@57a78e3]" name="Checkbox" class="test_suite.groups"/>
        <method signature="groups.checkbox1()[pri:2, instance:test_suite.groups@57a78e3]" name="checkbox1" class="test_suite.groups"/>
      </group> <!-- checkbox_functional -->
      <group name="radio_functional">
        <method signature="groups.radio1()[pri:1, instance:test_suite.groups@57a78e3]" name="radio1" class="test_suite.groups"/>
        <method signature="groups.radio_bt()[pri:1, instance:test_suite.groups@57a78e3]" name="radio_bt" class="test_suite.groups"/>
      </group> <!-- radio_functional -->
    </groups>
    <test started-at="2024-07-06T19:40:53 IST" name="Default test" finished-at="2024-07-06T19:41:20 IST" duration-ms="27156">
      <class name="test_suite.groups">
        <test-method is-config="true" signature="visit()[pri:0, instance:test_suite.groups@57a78e3]" started-at="2024-07-06T19:40:53 IST" name="visit" finished-at="2024-07-06T19:41:13 IST" duration-ms="20046" status="PASS">
          <reporter-output>
          </reporter-output>
        </test-method> <!-- visit -->
        <test-method signature="radio1()[pri:1, instance:test_suite.groups@57a78e3]" started-at="2024-07-06T19:41:13 IST" name="radio1" finished-at="2024-07-06T19:41:14 IST" duration-ms="424" status="PASS">
          <reporter-output>
          </reporter-output>
        </test-method> <!-- radio1 -->
        <test-method signature="radio_bt()[pri:1, instance:test_suite.groups@57a78e3]" started-at="2024-07-06T19:41:14 IST" name="radio_bt" finished-at="2024-07-06T19:41:15 IST" duration-ms="938" status="PASS">
          <reporter-output>
          </reporter-output>
        </test-method> <!-- radio_bt -->
        <test-method signature="Checkbox()[pri:2, instance:test_suite.groups@57a78e3]" started-at="2024-07-06T19:41:15 IST" name="Checkbox" finished-at="2024-07-06T19:41:17 IST" duration-ms="1881" status="PASS">
          <reporter-output>
          </reporter-output>
        </test-method> <!-- Checkbox -->
        <test-method signature="checkbox1()[pri:2, instance:test_suite.groups@57a78e3]" started-at="2024-07-06T19:41:17 IST" name="checkbox1" finished-at="2024-07-06T19:41:17 IST" duration-ms="528" status="PASS">
          <reporter-output>
          </reporter-output>
        </test-method> <!-- checkbox1 -->
        <test-method is-config="true" signature="close()[pri:0, instance:test_suite.groups@57a78e3]" started-at="2024-07-06T19:41:17 IST" name="close" finished-at="2024-07-06T19:41:20 IST" duration-ms="3151" status="PASS">
          <reporter-output>
          </reporter-output>
        </test-method> <!-- close -->
      </class> <!-- test_suite.groups -->
    </test> <!-- Default test -->
  </suite> <!-- Default suite -->
</testng-results>
